mkdir: %_DEST%\inc%_EXT%\icu
mkdir: %_DEST%\inc%_EXT%\external\icu
mkdir: %_DEST%\inc%_EXT%\external\layout
mkdir: %_DEST%\inc%_EXT%\external\unicode
..\%__SRC%\misc\build\icu\source\layout\*.h %_DEST%\inc%_EXT%\external\layout\*.h
..\%__SRC%\misc\build\icu\source\common\unicode\*.h %_DEST%\inc%_EXT%\external\unicode\*.h
..\%__SRC%\misc\build\icu\source\i18n\unicode\*.h %_DEST%\inc%_EXT%\external\unicode\*.h

..\%__SRC%\lib\*.a %_DEST%\lib%_EXT%\*.a
..\%__SRC%\lib\*.lib %_DEST%\lib%_EXT%\*.lib

..\%__SRC%\bin\icudt44.dll %_DEST%\bin%_EXT%\icudt44.dll
..\%__SRC%\bin\icuin44.dll %_DEST%\bin%_EXT%\icuin44.dll
..\%__SRC%\bin\icule44.dll %_DEST%\bin%_EXT%\icule44.dll
..\%__SRC%\bin\icutu44.dll %_DEST%\bin%_EXT%\icutu44.dll
..\%__SRC%\bin\icuuc44.dll %_DEST%\bin%_EXT%\icuuc44.dll

..\%__SRC%\bin\genccode     %_DEST%\bin%_EXT%\genccode
..\%__SRC%\bin\genccode.exe %_DEST%\bin%_EXT%\genccode.exe
..\%__SRC%\bin\genbrk       %_DEST%\bin%_EXT%\genbrk
..\%__SRC%\bin\genbrk.exe   %_DEST%\bin%_EXT%\genbrk.exe
..\%__SRC%\bin\gencmn       %_DEST%\bin%_EXT%\gencmn
..\%__SRC%\bin\gencmn.exe   %_DEST%\bin%_EXT%\gencmn.exe

..\%__SRC%\lib\libicudata.*.*.*     %_DEST%\lib%_EXT%\
..\%__SRC%\lib\libicui18n.*.*.*     %_DEST%\lib%_EXT%\
..\%__SRC%\lib\libicule.*.*.*       %_DEST%\lib%_EXT%\
..\%__SRC%\lib\libicuuc.*.*.*       %_DEST%\lib%_EXT%\
..\%__SRC%\lib\libicutu.*.*.*       %_DEST%\lib%_EXT%\
..\icuversion.mk %_DEST%\inc%_EXT%\icuversion.mk

linklib: libicudata.*.*.*
linklib: libicui18n.*.*.*
linklib: libicule.*.*.*
linklib: libicuuc.*.*.*
linklib: libicutu.*.*.*
